<?xml version="1.0" encoding="UTF-8"?>
<!-- Generated by org.testng.reporters.JUnitXMLReporter -->
<testsuite ignored="0" hostname="5CG1377PDZ" failures="3" tests="3" name="Test3" time="53.631" errors="0" timestamp="2025-01-15T15:17:16 IST">
  <testcase classname="com.TC01_ValidateMessage" name="basicTest" time="9.985">
    <failure type="org.testng.internal.thread.ThreadTimeoutException" message="Method com.TC01_ValidateMessage.basicTest() didn&amp;apos;t finish within the time-out 20">
      <![CDATA[org.testng.internal.thread.ThreadTimeoutException: Method com.TC01_ValidateMessage.basicTest() didn't finish within the time-out 20
at java.base/java.util.concurrent.ThreadPoolExecutor.runWorker(ThreadPoolExecutor.java:1144)
at java.base/java.util.concurrent.ThreadPoolExecutor$Worker.run(ThreadPoolExecutor.java:642)
at java.base/java.lang.Thread.run(Thread.java:1583)
... Removed 9 stack frames]]>
    </failure>
  </testcase> <!-- basicTest -->
  <testcase classname="com.TC02_DragAndDropSliders" name="dragDropTest" time="8.184">
    <failure type="org.testng.internal.thread.ThreadTimeoutException" message="Method com.TC02_DragAndDropSliders.dragDropTest() didn&amp;apos;t finish within the time-out 20">
      <![CDATA[org.testng.internal.thread.ThreadTimeoutException: Method com.TC02_DragAndDropSliders.dragDropTest() didn't finish within the time-out 20
at java.base/java.util.concurrent.ThreadPoolExecutor.runWorker(ThreadPoolExecutor.java:1144)
at java.base/java.util.concurrent.ThreadPoolExecutor$Worker.run(ThreadPoolExecutor.java:642)
at java.base/java.lang.Thread.run(Thread.java:1583)
... Removed 9 stack frames]]>
    </failure>
  </testcase> <!-- dragDropTest -->
  <testcase classname="com.TC03_InputFormSubmission" name="formSubmissionTest" time="12.896">
    <failure type="org.testng.internal.thread.ThreadTimeoutException" message="Method com.TC03_InputFormSubmission.formSubmissionTest() didn&amp;apos;t finish within the time-out 20">
      <![CDATA[org.testng.internal.thread.ThreadTimeoutException: Method com.TC03_InputFormSubmission.formSubmissionTest() didn't finish within the time-out 20
at java.base/java.util.concurrent.ThreadPoolExecutor.runWorker(ThreadPoolExecutor.java:1144)
at java.base/java.util.concurrent.ThreadPoolExecutor$Worker.run(ThreadPoolExecutor.java:642)
at java.base/java.lang.Thread.run(Thread.java:1583)
... Removed 9 stack frames]]>
    </failure>
  </testcase> <!-- formSubmissionTest -->
</testsuite> <!-- Test3 -->
