<?xml version="1.0" encoding="UTF-8"?>
<testng-results ignored="0" total="12" passed="0" failed="12" skipped="0">
  <reporter-output>
  </reporter-output>
  <suite started-at="2025-01-15T09:53:04 UTC" name="Suite" finished-at="2025-01-15T09:55:11 UTC" duration-ms="126809">
    <groups>
    </groups>
    <test started-at="2025-01-15T09:53:04 UTC" name="Test1" finished-at="2025-01-15T09:53:27 UTC" duration-ms="22108">
      <class name="com.TC02_DragAndDropSliders">
        <test-method is-config="true" signature="setup(java.lang.String,java.lang.String,java.lang.String)[pri:0, instance:com.TC02_DragAndDropSliders@f381794]" started-at="2025-01-15T09:53:05 UTC" name="setup" finished-at="2025-01-15T09:53:11 UTC" duration-ms="6879" status="PASS">
          <params>
            <param index="0">
              <value>
                <![CDATA[chrome]]>
              </value>
            </param>
            <param index="1">
              <value>
                <![CDATA[128]]>
              </value>
            </param>
            <param index="2">
              <value>
                <![CDATA[WIN10]]>
              </value>
            </param>
          </params>
          <reporter-output>
          </reporter-output>
        </test-method> <!-- setup -->
        <test-method signature="dragDropTest()[pri:0, instance:com.TC02_DragAndDropSliders@f381794]" started-at="2025-01-15T09:53:11 UTC" name="dragDropTest" finished-at="2025-01-15T09:53:13 UTC" duration-ms="1907" status="FAIL">
          <exception class="org.testng.internal.thread.ThreadTimeoutException">
            <message>
              <![CDATA[Method com.TC02_DragAndDropSliders.dragDropTest() didn't finish within the time-out 20]]>
            </message>
            <full-stacktrace>
              <![CDATA[org.testng.internal.thread.ThreadTimeoutException: Method com.TC02_DragAndDropSliders.dragDropTest() didn't finish within the time-out 20
at org.testng.internal.invokers.MethodInvocationHelper.invokeWithTimeoutWithNoExecutor(MethodInvocationHelper.java:350)
at org.testng.internal.invokers.MethodInvocationHelper.invokeWithTimeout(MethodInvocationHelper.java:301)
at org.testng.internal.invokers.TestInvoker.invokeMethod(TestInvoker.java:686)
at org.testng.internal.invokers.TestInvoker.invokeTestMethod(TestInvoker.java:221)
at org.testng.internal.invokers.MethodRunner.runInSequence(MethodRunner.java:50)
at org.testng.internal.invokers.TestInvoker$MethodInvocationAgent.invoke(TestInvoker.java:969)
at org.testng.internal.invokers.TestInvoker.invokeTestMethods(TestInvoker.java:194)
at org.testng.internal.invokers.TestMethodWorker.invokeTestMethods(TestMethodWorker.java:148)
at org.testng.internal.invokers.TestMethodWorker.run(TestMethodWorker.java:128)
at java.base/java.util.concurrent.ThreadPoolExecutor.runWorker(ThreadPoolExecutor.java:1128)
at java.base/java.util.concurrent.ThreadPoolExecutor$Worker.run(ThreadPoolExecutor.java:628)
at java.base/java.lang.Thread.run(Thread.java:829)
]]>
            </full-stacktrace>
          </exception> <!-- org.testng.internal.thread.ThreadTimeoutException -->
          <reporter-output>
          </reporter-output>
        </test-method> <!-- dragDropTest -->
        <test-method is-config="true" signature="tearDown()[pri:0, instance:com.TC02_DragAndDropSliders@f381794]" started-at="2025-01-15T09:53:13 UTC" name="tearDown" finished-at="2025-01-15T09:53:15 UTC" duration-ms="1176" status="PASS">
          <reporter-output>
          </reporter-output>
        </test-method> <!-- tearDown -->
      </class> <!-- com.TC02_DragAndDropSliders -->
      <class name="com.TC03_InputFormSubmission">
        <test-method is-config="true" signature="setup(java.lang.String,java.lang.String,java.lang.String)[pri:0, instance:com.TC03_InputFormSubmission@2cdd0d4b]" started-at="2025-01-15T09:53:15 UTC" name="setup" finished-at="2025-01-15T09:53:21 UTC" duration-ms="6666" status="PASS">
          <params>
            <param index="0">
              <value>
                <![CDATA[chrome]]>
              </value>
            </param>
            <param index="1">
              <value>
                <![CDATA[128]]>
              </value>
            </param>
            <param index="2">
              <value>
                <![CDATA[WIN10]]>
              </value>
            </param>
          </params>
          <reporter-output>
          </reporter-output>
        </test-method> <!-- setup -->
        <test-method signature="formSubmissionTest()[pri:0, instance:com.TC03_InputFormSubmission@2cdd0d4b]" started-at="2025-01-15T09:53:21 UTC" name="formSubmissionTest" finished-at="2025-01-15T09:53:25 UTC" duration-ms="4211" status="FAIL">
          <exception class="org.testng.internal.thread.ThreadTimeoutException">
            <message>
              <![CDATA[Method com.TC03_InputFormSubmission.formSubmissionTest() didn't finish within the time-out 20]]>
            </message>
            <full-stacktrace>
              <![CDATA[org.testng.internal.thread.ThreadTimeoutException: Method com.TC03_InputFormSubmission.formSubmissionTest() didn't finish within the time-out 20
at org.testng.internal.invokers.MethodInvocationHelper.invokeWithTimeoutWithNoExecutor(MethodInvocationHelper.java:350)
at org.testng.internal.invokers.MethodInvocationHelper.invokeWithTimeout(MethodInvocationHelper.java:301)
at org.testng.internal.invokers.TestInvoker.invokeMethod(TestInvoker.java:686)
at org.testng.internal.invokers.TestInvoker.invokeTestMethod(TestInvoker.java:221)
at org.testng.internal.invokers.MethodRunner.runInSequence(MethodRunner.java:50)
at org.testng.internal.invokers.TestInvoker$MethodInvocationAgent.invoke(TestInvoker.java:969)
at org.testng.internal.invokers.TestInvoker.invokeTestMethods(TestInvoker.java:194)
at org.testng.internal.invokers.TestMethodWorker.invokeTestMethods(TestMethodWorker.java:148)
at org.testng.internal.invokers.TestMethodWorker.run(TestMethodWorker.java:128)
at java.base/java.util.concurrent.ThreadPoolExecutor.runWorker(ThreadPoolExecutor.java:1128)
at java.base/java.util.concurrent.ThreadPoolExecutor$Worker.run(ThreadPoolExecutor.java:628)
at java.base/java.lang.Thread.run(Thread.java:829)
]]>
            </full-stacktrace>
          </exception> <!-- org.testng.internal.thread.ThreadTimeoutException -->
          <reporter-output>
          </reporter-output>
        </test-method> <!-- formSubmissionTest -->
        <test-method is-config="true" signature="tearDown()[pri:0, instance:com.TC03_InputFormSubmission@2cdd0d4b]" started-at="2025-01-15T09:53:25 UTC" name="tearDown" finished-at="2025-01-15T09:53:27 UTC" duration-ms="1212" status="PASS">
          <reporter-output>
          </reporter-output>
        </test-method> <!-- tearDown -->
      </class> <!-- com.TC03_InputFormSubmission -->
      <class name="com.TC01_ValidateMessage">
        <test-method is-config="true" signature="windows10_chrome_133_setup(java.lang.String,java.lang.String,java.lang.String)[pri:0, instance:com.TC01_ValidateMessage@683dbc2c]" started-at="2025-01-15T09:53:05 UTC" name="windows10_chrome_133_setup" finished-at="2025-01-15T09:53:12 UTC" duration-ms="7428" status="PASS">
          <params>
            <param index="0">
              <value>
                <![CDATA[chrome]]>
              </value>
            </param>
            <param index="1">
              <value>
                <![CDATA[128]]>
              </value>
            </param>
            <param index="2">
              <value>
                <![CDATA[WIN10]]>
              </value>
            </param>
          </params>
          <reporter-output>
          </reporter-output>
        </test-method> <!-- windows10_chrome_133_setup -->
        <test-method signature="basicTest()[pri:0, instance:com.TC01_ValidateMessage@683dbc2c]" started-at="2025-01-15T09:53:12 UTC" name="basicTest" finished-at="2025-01-15T09:53:15 UTC" duration-ms="3511" status="FAIL">
          <exception class="org.testng.internal.thread.ThreadTimeoutException">
            <message>
              <![CDATA[Method com.TC01_ValidateMessage.basicTest() didn't finish within the time-out 20]]>
            </message>
            <full-stacktrace>
              <![CDATA[org.testng.internal.thread.ThreadTimeoutException: Method com.TC01_ValidateMessage.basicTest() didn't finish within the time-out 20
at org.testng.internal.invokers.MethodInvocationHelper.invokeWithTimeoutWithNoExecutor(MethodInvocationHelper.java:350)
at org.testng.internal.invokers.MethodInvocationHelper.invokeWithTimeout(MethodInvocationHelper.java:301)
at org.testng.internal.invokers.TestInvoker.invokeMethod(TestInvoker.java:686)
at org.testng.internal.invokers.TestInvoker.invokeTestMethod(TestInvoker.java:221)
at org.testng.internal.invokers.MethodRunner.runInSequence(MethodRunner.java:50)
at org.testng.internal.invokers.TestInvoker$MethodInvocationAgent.invoke(TestInvoker.java:969)
at org.testng.internal.invokers.TestInvoker.invokeTestMethods(TestInvoker.java:194)
at org.testng.internal.invokers.TestMethodWorker.invokeTestMethods(TestMethodWorker.java:148)
at org.testng.internal.invokers.TestMethodWorker.run(TestMethodWorker.java:128)
at java.base/java.util.concurrent.ThreadPoolExecutor.runWorker(ThreadPoolExecutor.java:1128)
at java.base/java.util.concurrent.ThreadPoolExecutor$Worker.run(ThreadPoolExecutor.java:628)
at java.base/java.lang.Thread.run(Thread.java:829)
]]>
            </full-stacktrace>
          </exception> <!-- org.testng.internal.thread.ThreadTimeoutException -->
          <reporter-output>
          </reporter-output>
        </test-method> <!-- basicTest -->
        <test-method is-config="true" signature="tearDown()[pri:0, instance:com.TC01_ValidateMessage@683dbc2c]" started-at="2025-01-15T09:53:15 UTC" name="tearDown" finished-at="2025-01-15T09:53:17 UTC" duration-ms="1901" status="PASS">
          <reporter-output>
          </reporter-output>
        </test-method> <!-- tearDown -->
      </class> <!-- com.TC01_ValidateMessage -->
    </test> <!-- Test1 -->
    <test started-at="2025-01-15T09:53:27 UTC" name="Test2" finished-at="2025-01-15T09:54:10 UTC" duration-ms="43164">
      <class name="com.TC02_DragAndDropSliders">
        <test-method is-config="true" signature="setup(java.lang.String,java.lang.String,java.lang.String)[pri:0, instance:com.TC02_DragAndDropSliders@3e6ef8ad]" started-at="2025-01-15T09:53:27 UTC" name="setup" finished-at="2025-01-15T09:53:37 UTC" duration-ms="10540" status="PASS">
          <params>
            <param index="0">
              <value>
                <![CDATA[edge]]>
              </value>
            </param>
            <param index="1">
              <value>
                <![CDATA[127]]>
              </value>
            </param>
            <param index="2">
              <value>
                <![CDATA[MAC]]>
              </value>
            </param>
          </params>
          <reporter-output>
          </reporter-output>
        </test-method> <!-- setup -->
        <test-method signature="dragDropTest()[pri:0, instance:com.TC02_DragAndDropSliders@3e6ef8ad]" started-at="2025-01-15T09:53:37 UTC" name="dragDropTest" finished-at="2025-01-15T09:53:42 UTC" duration-ms="4429" status="FAIL">
          <exception class="org.testng.internal.thread.ThreadTimeoutException">
            <message>
              <![CDATA[Method com.TC02_DragAndDropSliders.dragDropTest() didn't finish within the time-out 20]]>
            </message>
            <full-stacktrace>
              <![CDATA[org.testng.internal.thread.ThreadTimeoutException: Method com.TC02_DragAndDropSliders.dragDropTest() didn't finish within the time-out 20
at org.testng.internal.invokers.MethodInvocationHelper.invokeWithTimeoutWithNoExecutor(MethodInvocationHelper.java:350)
at org.testng.internal.invokers.MethodInvocationHelper.invokeWithTimeout(MethodInvocationHelper.java:301)
at org.testng.internal.invokers.TestInvoker.invokeMethod(TestInvoker.java:686)
at org.testng.internal.invokers.TestInvoker.invokeTestMethod(TestInvoker.java:221)
at org.testng.internal.invokers.MethodRunner.runInSequence(MethodRunner.java:50)
at org.testng.internal.invokers.TestInvoker$MethodInvocationAgent.invoke(TestInvoker.java:969)
at org.testng.internal.invokers.TestInvoker.invokeTestMethods(TestInvoker.java:194)
at org.testng.internal.invokers.TestMethodWorker.invokeTestMethods(TestMethodWorker.java:148)
at org.testng.internal.invokers.TestMethodWorker.run(TestMethodWorker.java:128)
at java.base/java.util.concurrent.ThreadPoolExecutor.runWorker(ThreadPoolExecutor.java:1128)
at java.base/java.util.concurrent.ThreadPoolExecutor$Worker.run(ThreadPoolExecutor.java:628)
at java.base/java.lang.Thread.run(Thread.java:829)
]]>
            </full-stacktrace>
          </exception> <!-- org.testng.internal.thread.ThreadTimeoutException -->
          <reporter-output>
          </reporter-output>
        </test-method> <!-- dragDropTest -->
        <test-method is-config="true" signature="tearDown()[pri:0, instance:com.TC02_DragAndDropSliders@3e6ef8ad]" started-at="2025-01-15T09:53:42 UTC" name="tearDown" finished-at="2025-01-15T09:53:47 UTC" duration-ms="5201" status="PASS">
          <reporter-output>
          </reporter-output>
        </test-method> <!-- tearDown -->
      </class> <!-- com.TC02_DragAndDropSliders -->
      <class name="com.TC03_InputFormSubmission">
        <test-method is-config="true" signature="setup(java.lang.String,java.lang.String,java.lang.String)[pri:0, instance:com.TC03_InputFormSubmission@346d61be]" started-at="2025-01-15T09:53:47 UTC" name="setup" finished-at="2025-01-15T09:53:54 UTC" duration-ms="7636" status="PASS">
          <params>
            <param index="0">
              <value>
                <![CDATA[edge]]>
              </value>
            </param>
            <param index="1">
              <value>
                <![CDATA[127]]>
              </value>
            </param>
            <param index="2">
              <value>
                <![CDATA[MAC]]>
              </value>
            </param>
          </params>
          <reporter-output>
          </reporter-output>
        </test-method> <!-- setup -->
        <test-method signature="formSubmissionTest()[pri:0, instance:com.TC03_InputFormSubmission@346d61be]" started-at="2025-01-15T09:53:54 UTC" name="formSubmissionTest" finished-at="2025-01-15T09:54:02 UTC" duration-ms="7441" status="FAIL">
          <exception class="org.testng.internal.thread.ThreadTimeoutException">
            <message>
              <![CDATA[Method com.TC03_InputFormSubmission.formSubmissionTest() didn't finish within the time-out 20]]>
            </message>
            <full-stacktrace>
              <![CDATA[org.testng.internal.thread.ThreadTimeoutException: Method com.TC03_InputFormSubmission.formSubmissionTest() didn't finish within the time-out 20
at org.testng.internal.invokers.MethodInvocationHelper.invokeWithTimeoutWithNoExecutor(MethodInvocationHelper.java:350)
at org.testng.internal.invokers.MethodInvocationHelper.invokeWithTimeout(MethodInvocationHelper.java:301)
at org.testng.internal.invokers.TestInvoker.invokeMethod(TestInvoker.java:686)
at org.testng.internal.invokers.TestInvoker.invokeTestMethod(TestInvoker.java:221)
at org.testng.internal.invokers.MethodRunner.runInSequence(MethodRunner.java:50)
at org.testng.internal.invokers.TestInvoker$MethodInvocationAgent.invoke(TestInvoker.java:969)
at org.testng.internal.invokers.TestInvoker.invokeTestMethods(TestInvoker.java:194)
at org.testng.internal.invokers.TestMethodWorker.invokeTestMethods(TestMethodWorker.java:148)
at org.testng.internal.invokers.TestMethodWorker.run(TestMethodWorker.java:128)
at java.base/java.util.concurrent.ThreadPoolExecutor.runWorker(ThreadPoolExecutor.java:1128)
at java.base/java.util.concurrent.ThreadPoolExecutor$Worker.run(ThreadPoolExecutor.java:628)
at java.base/java.lang.Thread.run(Thread.java:829)
]]>
            </full-stacktrace>
          </exception> <!-- org.testng.internal.thread.ThreadTimeoutException -->
          <reporter-output>
          </reporter-output>
        </test-method> <!-- formSubmissionTest -->
        <test-method is-config="true" signature="tearDown()[pri:0, instance:com.TC03_InputFormSubmission@346d61be]" started-at="2025-01-15T09:54:02 UTC" name="tearDown" finished-at="2025-01-15T09:54:10 UTC" duration-ms="7912" status="PASS">
          <reporter-output>
          </reporter-output>
        </test-method> <!-- tearDown -->
      </class> <!-- com.TC03_InputFormSubmission -->
      <class name="com.TC01_ValidateMessage">
        <test-method is-config="true" signature="windows10_chrome_133_setup(java.lang.String,java.lang.String,java.lang.String)[pri:0, instance:com.TC01_ValidateMessage@59af0466]" started-at="2025-01-15T09:53:27 UTC" name="windows10_chrome_133_setup" finished-at="2025-01-15T09:53:34 UTC" duration-ms="7652" status="PASS">
          <params>
            <param index="0">
              <value>
                <![CDATA[edge]]>
              </value>
            </param>
            <param index="1">
              <value>
                <![CDATA[127]]>
              </value>
            </param>
            <param index="2">
              <value>
                <![CDATA[MAC]]>
              </value>
            </param>
          </params>
          <reporter-output>
          </reporter-output>
        </test-method> <!-- windows10_chrome_133_setup -->
        <test-method signature="basicTest()[pri:0, instance:com.TC01_ValidateMessage@59af0466]" started-at="2025-01-15T09:53:34 UTC" name="basicTest" finished-at="2025-01-15T09:53:40 UTC" duration-ms="5656" status="FAIL">
          <exception class="org.testng.internal.thread.ThreadTimeoutException">
            <message>
              <![CDATA[Method com.TC01_ValidateMessage.basicTest() didn't finish within the time-out 20]]>
            </message>
            <full-stacktrace>
              <![CDATA[org.testng.internal.thread.ThreadTimeoutException: Method com.TC01_ValidateMessage.basicTest() didn't finish within the time-out 20
at org.testng.internal.invokers.MethodInvocationHelper.invokeWithTimeoutWithNoExecutor(MethodInvocationHelper.java:350)
at org.testng.internal.invokers.MethodInvocationHelper.invokeWithTimeout(MethodInvocationHelper.java:301)
at org.testng.internal.invokers.TestInvoker.invokeMethod(TestInvoker.java:686)
at org.testng.internal.invokers.TestInvoker.invokeTestMethod(TestInvoker.java:221)
at org.testng.internal.invokers.MethodRunner.runInSequence(MethodRunner.java:50)
at org.testng.internal.invokers.TestInvoker$MethodInvocationAgent.invoke(TestInvoker.java:969)
at org.testng.internal.invokers.TestInvoker.invokeTestMethods(TestInvoker.java:194)
at org.testng.internal.invokers.TestMethodWorker.invokeTestMethods(TestMethodWorker.java:148)
at org.testng.internal.invokers.TestMethodWorker.run(TestMethodWorker.java:128)
at java.base/java.util.concurrent.ThreadPoolExecutor.runWorker(ThreadPoolExecutor.java:1128)
at java.base/java.util.concurrent.ThreadPoolExecutor$Worker.run(ThreadPoolExecutor.java:628)
at java.base/java.lang.Thread.run(Thread.java:829)
]]>
            </full-stacktrace>
          </exception> <!-- org.testng.internal.thread.ThreadTimeoutException -->
          <reporter-output>
          </reporter-output>
        </test-method> <!-- basicTest -->
        <test-method is-config="true" signature="tearDown()[pri:0, instance:com.TC01_ValidateMessage@59af0466]" started-at="2025-01-15T09:53:40 UTC" name="tearDown" finished-at="2025-01-15T09:53:48 UTC" duration-ms="8097" status="PASS">
          <reporter-output>
          </reporter-output>
        </test-method> <!-- tearDown -->
      </class> <!-- com.TC01_ValidateMessage -->
    </test> <!-- Test2 -->
    <test started-at="2025-01-15T09:54:10 UTC" name="Test3" finished-at="2025-01-15T09:54:47 UTC" duration-ms="37221">
      <class name="com.TC02_DragAndDropSliders">
        <test-method is-config="true" signature="setup(java.lang.String,java.lang.String,java.lang.String)[pri:0, instance:com.TC02_DragAndDropSliders@62230c58]" started-at="2025-01-15T09:54:10 UTC" name="setup" finished-at="2025-01-15T09:54:18 UTC" duration-ms="8384" status="PASS">
          <params>
            <param index="0">
              <value>
                <![CDATA[firefox]]>
              </value>
            </param>
            <param index="1">
              <value>
                <![CDATA[130]]>
              </value>
            </param>
            <param index="2">
              <value>
                <![CDATA[WIN11]]>
              </value>
            </param>
          </params>
          <reporter-output>
          </reporter-output>
        </test-method> <!-- setup -->
        <test-method signature="dragDropTest()[pri:0, instance:com.TC02_DragAndDropSliders@62230c58]" started-at="2025-01-15T09:54:18 UTC" name="dragDropTest" finished-at="2025-01-15T09:54:24 UTC" duration-ms="6198" status="FAIL">
          <exception class="org.testng.internal.thread.ThreadTimeoutException">
            <message>
              <![CDATA[Method com.TC02_DragAndDropSliders.dragDropTest() didn't finish within the time-out 20]]>
            </message>
            <full-stacktrace>
              <![CDATA[org.testng.internal.thread.ThreadTimeoutException: Method com.TC02_DragAndDropSliders.dragDropTest() didn't finish within the time-out 20
at org.testng.internal.invokers.MethodInvocationHelper.invokeWithTimeoutWithNoExecutor(MethodInvocationHelper.java:350)
at org.testng.internal.invokers.MethodInvocationHelper.invokeWithTimeout(MethodInvocationHelper.java:301)
at org.testng.internal.invokers.TestInvoker.invokeMethod(TestInvoker.java:686)
at org.testng.internal.invokers.TestInvoker.invokeTestMethod(TestInvoker.java:221)
at org.testng.internal.invokers.MethodRunner.runInSequence(MethodRunner.java:50)
at org.testng.internal.invokers.TestInvoker$MethodInvocationAgent.invoke(TestInvoker.java:969)
at org.testng.internal.invokers.TestInvoker.invokeTestMethods(TestInvoker.java:194)
at org.testng.internal.invokers.TestMethodWorker.invokeTestMethods(TestMethodWorker.java:148)
at org.testng.internal.invokers.TestMethodWorker.run(TestMethodWorker.java:128)
at java.base/java.util.concurrent.ThreadPoolExecutor.runWorker(ThreadPoolExecutor.java:1128)
at java.base/java.util.concurrent.ThreadPoolExecutor$Worker.run(ThreadPoolExecutor.java:628)
at java.base/java.lang.Thread.run(Thread.java:829)
]]>
            </full-stacktrace>
          </exception> <!-- org.testng.internal.thread.ThreadTimeoutException -->
          <reporter-output>
          </reporter-output>
        </test-method> <!-- dragDropTest -->
        <test-method is-config="true" signature="tearDown()[pri:0, instance:com.TC02_DragAndDropSliders@62230c58]" started-at="2025-01-15T09:54:24 UTC" name="tearDown" finished-at="2025-01-15T09:54:27 UTC" duration-ms="2475" status="PASS">
          <reporter-output>
          </reporter-output>
        </test-method> <!-- tearDown -->
      </class> <!-- com.TC02_DragAndDropSliders -->
      <class name="com.TC03_InputFormSubmission">
        <test-method is-config="true" signature="setup(java.lang.String,java.lang.String,java.lang.String)[pri:0, instance:com.TC03_InputFormSubmission@2cd2a21f]" started-at="2025-01-15T09:54:27 UTC" name="setup" finished-at="2025-01-15T09:54:36 UTC" duration-ms="8885" status="PASS">
          <params>
            <param index="0">
              <value>
                <![CDATA[firefox]]>
              </value>
            </param>
            <param index="1">
              <value>
                <![CDATA[130]]>
              </value>
            </param>
            <param index="2">
              <value>
                <![CDATA[WIN11]]>
              </value>
            </param>
          </params>
          <reporter-output>
          </reporter-output>
        </test-method> <!-- setup -->
        <test-method signature="formSubmissionTest()[pri:0, instance:com.TC03_InputFormSubmission@2cd2a21f]" started-at="2025-01-15T09:54:36 UTC" name="formSubmissionTest" finished-at="2025-01-15T09:54:45 UTC" duration-ms="8774" status="FAIL">
          <exception class="org.testng.internal.thread.ThreadTimeoutException">
            <message>
              <![CDATA[Method com.TC03_InputFormSubmission.formSubmissionTest() didn't finish within the time-out 20]]>
            </message>
            <full-stacktrace>
              <![CDATA[org.testng.internal.thread.ThreadTimeoutException: Method com.TC03_InputFormSubmission.formSubmissionTest() didn't finish within the time-out 20
at org.testng.internal.invokers.MethodInvocationHelper.invokeWithTimeoutWithNoExecutor(MethodInvocationHelper.java:350)
at org.testng.internal.invokers.MethodInvocationHelper.invokeWithTimeout(MethodInvocationHelper.java:301)
at org.testng.internal.invokers.TestInvoker.invokeMethod(TestInvoker.java:686)
at org.testng.internal.invokers.TestInvoker.invokeTestMethod(TestInvoker.java:221)
at org.testng.internal.invokers.MethodRunner.runInSequence(MethodRunner.java:50)
at org.testng.internal.invokers.TestInvoker$MethodInvocationAgent.invoke(TestInvoker.java:969)
at org.testng.internal.invokers.TestInvoker.invokeTestMethods(TestInvoker.java:194)
at org.testng.internal.invokers.TestMethodWorker.invokeTestMethods(TestMethodWorker.java:148)
at org.testng.internal.invokers.TestMethodWorker.run(TestMethodWorker.java:128)
at java.base/java.util.concurrent.ThreadPoolExecutor.runWorker(ThreadPoolExecutor.java:1128)
at java.base/java.util.concurrent.ThreadPoolExecutor$Worker.run(ThreadPoolExecutor.java:628)
at java.base/java.lang.Thread.run(Thread.java:829)
]]>
            </full-stacktrace>
          </exception> <!-- org.testng.internal.thread.ThreadTimeoutException -->
          <reporter-output>
          </reporter-output>
        </test-method> <!-- formSubmissionTest -->
        <test-method is-config="true" signature="tearDown()[pri:0, instance:com.TC03_InputFormSubmission@2cd2a21f]" started-at="2025-01-15T09:54:45 UTC" name="tearDown" finished-at="2025-01-15T09:54:47 UTC" duration-ms="2500" status="PASS">
          <reporter-output>
          </reporter-output>
        </test-method> <!-- tearDown -->
      </class> <!-- com.TC03_InputFormSubmission -->
      <class name="com.TC01_ValidateMessage">
        <test-method is-config="true" signature="windows10_chrome_133_setup(java.lang.String,java.lang.String,java.lang.String)[pri:0, instance:com.TC01_ValidateMessage@3d1cfad4]" started-at="2025-01-15T09:54:10 UTC" name="windows10_chrome_133_setup" finished-at="2025-01-15T09:54:19 UTC" duration-ms="8853" status="PASS">
          <params>
            <param index="0">
              <value>
                <![CDATA[firefox]]>
              </value>
            </param>
            <param index="1">
              <value>
                <![CDATA[130]]>
              </value>
            </param>
            <param index="2">
              <value>
                <![CDATA[WIN11]]>
              </value>
            </param>
          </params>
          <reporter-output>
          </reporter-output>
        </test-method> <!-- windows10_chrome_133_setup -->
        <test-method signature="basicTest()[pri:0, instance:com.TC01_ValidateMessage@3d1cfad4]" started-at="2025-01-15T09:54:19 UTC" name="basicTest" finished-at="2025-01-15T09:54:26 UTC" duration-ms="7707" status="FAIL">
          <exception class="org.testng.internal.thread.ThreadTimeoutException">
            <message>
              <![CDATA[Method com.TC01_ValidateMessage.basicTest() didn't finish within the time-out 20]]>
            </message>
            <full-stacktrace>
              <![CDATA[org.testng.internal.thread.ThreadTimeoutException: Method com.TC01_ValidateMessage.basicTest() didn't finish within the time-out 20
at org.testng.internal.invokers.MethodInvocationHelper.invokeWithTimeoutWithNoExecutor(MethodInvocationHelper.java:350)
at org.testng.internal.invokers.MethodInvocationHelper.invokeWithTimeout(MethodInvocationHelper.java:301)
at org.testng.internal.invokers.TestInvoker.invokeMethod(TestInvoker.java:686)
at org.testng.internal.invokers.TestInvoker.invokeTestMethod(TestInvoker.java:221)
at org.testng.internal.invokers.MethodRunner.runInSequence(MethodRunner.java:50)
at org.testng.internal.invokers.TestInvoker$MethodInvocationAgent.invoke(TestInvoker.java:969)
at org.testng.internal.invokers.TestInvoker.invokeTestMethods(TestInvoker.java:194)
at org.testng.internal.invokers.TestMethodWorker.invokeTestMethods(TestMethodWorker.java:148)
at org.testng.internal.invokers.TestMethodWorker.run(TestMethodWorker.java:128)
at java.base/java.util.concurrent.ThreadPoolExecutor.runWorker(ThreadPoolExecutor.java:1128)
at java.base/java.util.concurrent.ThreadPoolExecutor$Worker.run(ThreadPoolExecutor.java:628)
at java.base/java.lang.Thread.run(Thread.java:829)
]]>
            </full-stacktrace>
          </exception> <!-- org.testng.internal.thread.ThreadTimeoutException -->
          <reporter-output>
          </reporter-output>
        </test-method> <!-- basicTest -->
        <test-method is-config="true" signature="tearDown()[pri:0, instance:com.TC01_ValidateMessage@3d1cfad4]" started-at="2025-01-15T09:54:26 UTC" name="tearDown" finished-at="2025-01-15T09:54:29 UTC" duration-ms="2721" status="PASS">
          <reporter-output>
          </reporter-output>
        </test-method> <!-- tearDown -->
      </class> <!-- com.TC01_ValidateMessage -->
    </test> <!-- Test3 -->
    <test started-at="2025-01-15T09:54:47 UTC" name="Test4" finished-at="2025-01-15T09:55:11 UTC" duration-ms="24266">
      <class name="com.TC02_DragAndDropSliders">
        <test-method is-config="true" signature="setup(java.lang.String,java.lang.String,java.lang.String)[pri:0, instance:com.TC02_DragAndDropSliders@3738449f]" started-at="2025-01-15T09:54:47 UTC" name="setup" finished-at="2025-01-15T09:54:55 UTC" duration-ms="7470" status="PASS">
          <params>
            <param index="0">
              <value>
                <![CDATA[internet explorer]]>
              </value>
            </param>
            <param index="1">
              <value>
                <![CDATA[11]]>
              </value>
            </param>
            <param index="2">
              <value>
                <![CDATA[WIN10]]>
              </value>
            </param>
          </params>
          <reporter-output>
          </reporter-output>
        </test-method> <!-- setup -->
        <test-method signature="dragDropTest()[pri:0, instance:com.TC02_DragAndDropSliders@3738449f]" started-at="2025-01-15T09:54:55 UTC" name="dragDropTest" finished-at="2025-01-15T09:54:57 UTC" duration-ms="2442" status="FAIL">
          <exception class="org.testng.internal.thread.ThreadTimeoutException">
            <message>
              <![CDATA[Method com.TC02_DragAndDropSliders.dragDropTest() didn't finish within the time-out 20]]>
            </message>
            <full-stacktrace>
              <![CDATA[org.testng.internal.thread.ThreadTimeoutException: Method com.TC02_DragAndDropSliders.dragDropTest() didn't finish within the time-out 20
at org.testng.internal.invokers.MethodInvocationHelper.invokeWithTimeoutWithNoExecutor(MethodInvocationHelper.java:350)
at org.testng.internal.invokers.MethodInvocationHelper.invokeWithTimeout(MethodInvocationHelper.java:301)
at org.testng.internal.invokers.TestInvoker.invokeMethod(TestInvoker.java:686)
at org.testng.internal.invokers.TestInvoker.invokeTestMethod(TestInvoker.java:221)
at org.testng.internal.invokers.MethodRunner.runInSequence(MethodRunner.java:50)
at org.testng.internal.invokers.TestInvoker$MethodInvocationAgent.invoke(TestInvoker.java:969)
at org.testng.internal.invokers.TestInvoker.invokeTestMethods(TestInvoker.java:194)
at org.testng.internal.invokers.TestMethodWorker.invokeTestMethods(TestMethodWorker.java:148)
at org.testng.internal.invokers.TestMethodWorker.run(TestMethodWorker.java:128)
at java.base/java.util.concurrent.ThreadPoolExecutor.runWorker(ThreadPoolExecutor.java:1128)
at java.base/java.util.concurrent.ThreadPoolExecutor$Worker.run(ThreadPoolExecutor.java:628)
at java.base/java.lang.Thread.run(Thread.java:829)
]]>
            </full-stacktrace>
          </exception> <!-- org.testng.internal.thread.ThreadTimeoutException -->
          <reporter-output>
          </reporter-output>
        </test-method> <!-- dragDropTest -->
        <test-method is-config="true" signature="tearDown()[pri:0, instance:com.TC02_DragAndDropSliders@3738449f]" started-at="2025-01-15T09:54:57 UTC" name="tearDown" finished-at="2025-01-15T09:54:58 UTC" duration-ms="1174" status="PASS">
          <reporter-output>
          </reporter-output>
        </test-method> <!-- tearDown -->
      </class> <!-- com.TC02_DragAndDropSliders -->
      <class name="com.TC03_InputFormSubmission">
        <test-method is-config="true" signature="setup(java.lang.String,java.lang.String,java.lang.String)[pri:0, instance:com.TC03_InputFormSubmission@69e1dd28]" started-at="2025-01-15T09:54:58 UTC" name="setup" finished-at="2025-01-15T09:55:08 UTC" duration-ms="9798" status="PASS">
          <params>
            <param index="0">
              <value>
                <![CDATA[internet explorer]]>
              </value>
            </param>
            <param index="1">
              <value>
                <![CDATA[11]]>
              </value>
            </param>
            <param index="2">
              <value>
                <![CDATA[WIN10]]>
              </value>
            </param>
          </params>
          <reporter-output>
          </reporter-output>
        </test-method> <!-- setup -->
        <test-method signature="formSubmissionTest()[pri:0, instance:com.TC03_InputFormSubmission@69e1dd28]" started-at="2025-01-15T09:55:08 UTC" name="formSubmissionTest" finished-at="2025-01-15T09:55:10 UTC" duration-ms="2205" status="FAIL">
          <exception class="org.testng.internal.thread.ThreadTimeoutException">
            <message>
              <![CDATA[Method com.TC03_InputFormSubmission.formSubmissionTest() didn't finish within the time-out 20]]>
            </message>
            <full-stacktrace>
              <![CDATA[org.testng.internal.thread.ThreadTimeoutException: Method com.TC03_InputFormSubmission.formSubmissionTest() didn't finish within the time-out 20
at org.testng.internal.invokers.MethodInvocationHelper.invokeWithTimeoutWithNoExecutor(MethodInvocationHelper.java:360)
at org.testng.internal.invokers.MethodInvocationHelper.invokeWithTimeout(MethodInvocationHelper.java:301)
at org.testng.internal.invokers.TestInvoker.invokeMethod(TestInvoker.java:686)
at org.testng.internal.invokers.TestInvoker.invokeTestMethod(TestInvoker.java:221)
at org.testng.internal.invokers.MethodRunner.runInSequence(MethodRunner.java:50)
at org.testng.internal.invokers.TestInvoker$MethodInvocationAgent.invoke(TestInvoker.java:969)
at org.testng.internal.invokers.TestInvoker.invokeTestMethods(TestInvoker.java:194)
at org.testng.internal.invokers.TestMethodWorker.invokeTestMethods(TestMethodWorker.java:148)
at org.testng.internal.invokers.TestMethodWorker.run(TestMethodWorker.java:128)
at java.base/java.util.concurrent.ThreadPoolExecutor.runWorker(ThreadPoolExecutor.java:1128)
at java.base/java.util.concurrent.ThreadPoolExecutor$Worker.run(ThreadPoolExecutor.java:628)
at java.base/java.lang.Thread.run(Thread.java:829)
]]>
            </full-stacktrace>
          </exception> <!-- org.testng.internal.thread.ThreadTimeoutException -->
          <reporter-output>
          </reporter-output>
        </test-method> <!-- formSubmissionTest -->
        <test-method is-config="true" signature="tearDown()[pri:0, instance:com.TC03_InputFormSubmission@69e1dd28]" started-at="2025-01-15T09:55:10 UTC" name="tearDown" finished-at="2025-01-15T09:55:11 UTC" duration-ms="1173" status="PASS">
          <reporter-output>
          </reporter-output>
        </test-method> <!-- tearDown -->
      </class> <!-- com.TC03_InputFormSubmission -->
      <class name="com.TC01_ValidateMessage">
        <test-method is-config="true" signature="windows10_chrome_133_setup(java.lang.String,java.lang.String,java.lang.String)[pri:0, instance:com.TC01_ValidateMessage@378542de]" started-at="2025-01-15T09:54:47 UTC" name="windows10_chrome_133_setup" finished-at="2025-01-15T09:54:54 UTC" duration-ms="7191" status="PASS">
          <params>
            <param index="0">
              <value>
                <![CDATA[internet explorer]]>
              </value>
            </param>
            <param index="1">
              <value>
                <![CDATA[11]]>
              </value>
            </param>
            <param index="2">
              <value>
                <![CDATA[WIN10]]>
              </value>
            </param>
          </params>
          <reporter-output>
          </reporter-output>
        </test-method> <!-- windows10_chrome_133_setup -->
        <test-method signature="basicTest()[pri:0, instance:com.TC01_ValidateMessage@378542de]" started-at="2025-01-15T09:54:54 UTC" name="basicTest" finished-at="2025-01-15T09:54:59 UTC" duration-ms="4328" status="FAIL">
          <exception class="org.testng.internal.thread.ThreadTimeoutException">
            <message>
              <![CDATA[Method com.TC01_ValidateMessage.basicTest() didn't finish within the time-out 20]]>
            </message>
            <full-stacktrace>
              <![CDATA[org.testng.internal.thread.ThreadTimeoutException: Method com.TC01_ValidateMessage.basicTest() didn't finish within the time-out 20
at org.testng.internal.invokers.MethodInvocationHelper.invokeWithTimeoutWithNoExecutor(MethodInvocationHelper.java:360)
at org.testng.internal.invokers.MethodInvocationHelper.invokeWithTimeout(MethodInvocationHelper.java:301)
at org.testng.internal.invokers.TestInvoker.invokeMethod(TestInvoker.java:686)
at org.testng.internal.invokers.TestInvoker.invokeTestMethod(TestInvoker.java:221)
at org.testng.internal.invokers.MethodRunner.runInSequence(MethodRunner.java:50)
at org.testng.internal.invokers.TestInvoker$MethodInvocationAgent.invoke(TestInvoker.java:969)
at org.testng.internal.invokers.TestInvoker.invokeTestMethods(TestInvoker.java:194)
at org.testng.internal.invokers.TestMethodWorker.invokeTestMethods(TestMethodWorker.java:148)
at org.testng.internal.invokers.TestMethodWorker.run(TestMethodWorker.java:128)
at java.base/java.util.concurrent.ThreadPoolExecutor.runWorker(ThreadPoolExecutor.java:1128)
at java.base/java.util.concurrent.ThreadPoolExecutor$Worker.run(ThreadPoolExecutor.java:628)
at java.base/java.lang.Thread.run(Thread.java:829)
]]>
            </full-stacktrace>
          </exception> <!-- org.testng.internal.thread.ThreadTimeoutException -->
          <reporter-output>
          </reporter-output>
        </test-method> <!-- basicTest -->
        <test-method is-config="true" signature="tearDown()[pri:0, instance:com.TC01_ValidateMessage@378542de]" started-at="2025-01-15T09:54:59 UTC" name="tearDown" finished-at="2025-01-15T09:55:00 UTC" duration-ms="1158" status="PASS">
          <reporter-output>
          </reporter-output>
        </test-method> <!-- tearDown -->
      </class> <!-- com.TC01_ValidateMessage -->
    </test> <!-- Test4 -->
  </suite> <!-- Suite -->
</testng-results>
