-------------------------------------------------------------------------------
Test set: TestSuite
-------------------------------------------------------------------------------
Tests run: 12, Failures: 12, Errors: 0, Skipped: 0, Time elapsed: 127.331 sec <<< FAILURE! - in TestSuite
dragDropTest(com.TC02_DragAndDropSliders)  Time elapsed: 1.365 sec  <<< FAILURE!
org.testng.internal.thread.ThreadTimeoutException: Method com.TC02_DragAndDropSliders.dragDropTest() didn't finish within the time-out 20

basicTest(com.TC01_ValidateMessage)  Time elapsed: 3.512 sec  <<< FAILURE!
org.testng.internal.thread.ThreadTimeoutException: Method com.TC01_ValidateMessage.basicTest() didn't finish within the time-out 20

formSubmissionTest(com.TC03_InputFormSubmission)  Time elapsed: 4.211 sec  <<< FAILURE!
org.testng.internal.thread.ThreadTimeoutException: Method com.TC03_InputFormSubmission.formSubmissionTest() didn't finish within the time-out 20

basicTest(com.TC01_ValidateMessage)  Time elapsed: 2.767 sec  <<< FAILURE!
org.testng.internal.thread.ThreadTimeoutException: Method com.TC01_ValidateMessage.basicTest() didn't finish within the time-out 20

dragDropTest(com.TC02_DragAndDropSliders)  Time elapsed: 4.429 sec  <<< FAILURE!
org.testng.internal.thread.ThreadTimeoutException: Method com.TC02_DragAndDropSliders.dragDropTest() didn't finish within the time-out 20

formSubmissionTest(com.TC03_InputFormSubmission)  Time elapsed: 7.441 sec  <<< FAILURE!
org.testng.internal.thread.ThreadTimeoutException: Method com.TC03_InputFormSubmission.formSubmissionTest() didn't finish within the time-out 20

dragDropTest(com.TC02_DragAndDropSliders)  Time elapsed: 5.73 sec  <<< FAILURE!
org.testng.internal.thread.ThreadTimeoutException: Method com.TC02_DragAndDropSliders.dragDropTest() didn't finish within the time-out 20

basicTest(com.TC01_ValidateMessage)  Time elapsed: 7.706 sec  <<< FAILURE!
org.testng.internal.thread.ThreadTimeoutException: Method com.TC01_ValidateMessage.basicTest() didn't finish within the time-out 20

formSubmissionTest(com.TC03_InputFormSubmission)  Time elapsed: 8.773 sec  <<< FAILURE!
org.testng.internal.thread.ThreadTimeoutException: Method com.TC03_InputFormSubmission.formSubmissionTest() didn't finish within the time-out 20

dragDropTest(com.TC02_DragAndDropSliders)  Time elapsed: 2.443 sec  <<< FAILURE!
org.testng.internal.thread.ThreadTimeoutException: Method com.TC02_DragAndDropSliders.dragDropTest() didn't finish within the time-out 20

basicTest(com.TC01_ValidateMessage)  Time elapsed: 4.053 sec  <<< FAILURE!
org.testng.internal.thread.ThreadTimeoutException: Method com.TC01_ValidateMessage.basicTest() didn't finish within the time-out 20

formSubmissionTest(com.TC03_InputFormSubmission)  Time elapsed: 2.204 sec  <<< FAILURE!
org.testng.internal.thread.ThreadTimeoutException: Method com.TC03_InputFormSubmission.formSubmissionTest() didn't finish within the time-out 20

