<?xml version="1.0" encoding="UTF-8"?>
<testsuite xmlns:xsi="http://www.w3.org/2001/XMLSchema-instance" xsi:schemaLocation="https://maven.apache.org/surefire/maven-surefire-plugin/xsd/surefire-test-report.xsd" name="TestSuite" time="240.747" tests="12" errors="0" skipped="0" failures="12">
  <properties>
[...]
</properties>
  <testcase name="dragDropTest" classname="com.TC02_DragAndDropSliders" time="0.915">
    <failure message="Method com.TC02_DragAndDropSliders.dragDropTest() didn&apos;t finish within the time-out 20" type="org.testng.internal.thread.ThreadTimeoutException">org.testng.internal.thread.ThreadTimeoutException: Method com.TC02_DragAndDropSliders.dragDropTest() didn't finish within the time-out 20
</failure>
    <system-out><![CDATA[95_______________
Range is matched
]]></system-out>
    <system-err><![CDATA[SLF4J: Failed to load class "org.slf4j.impl.StaticLoggerBinder".
SLF4J: Defaulting to no-operation (NOP) logger implementation
SLF4J: See http://www.slf4j.org/codes.html#StaticLoggerBinder for further details.
Jan 15, 2025 3:13:48 PM org.openqa.selenium.remote.ProtocolHandshake createSession
INFO: Detected dialect: W3C
Jan 15, 2025 3:13:51 PM org.openqa.selenium.remote.ProtocolHandshake createSession
INFO: Detected dialect: W3C
]]></system-err>
  </testcase>
  <testcase name="dragDropTest" classname="com.TC02_DragAndDropSliders" time="6.146">
    <failure message="Method com.TC02_DragAndDropSliders.dragDropTest() didn&apos;t finish within the time-out 20" type="org.testng.internal.thread.ThreadTimeoutException">org.testng.internal.thread.ThreadTimeoutException: Method com.TC02_DragAndDropSliders.dragDropTest() didn't finish within the time-out 20
</failure>
    <system-out><![CDATA[95_______________
Range is matched
]]></system-out>
    <system-err><![CDATA[Jan 15, 2025 3:14:14 PM org.openqa.selenium.remote.ProtocolHandshake createSession
INFO: Detected dialect: W3C
Jan 15, 2025 3:14:15 PM org.openqa.selenium.remote.ProtocolHandshake createSession
INFO: Detected dialect: W3C
]]></system-err>
  </testcase>
  <testcase name="dragDropTest" classname="com.TC02_DragAndDropSliders" time="8.184">
    <failure message="Method com.TC02_DragAndDropSliders.dragDropTest() didn&apos;t finish within the time-out 20" type="org.testng.internal.thread.ThreadTimeoutException">org.testng.internal.thread.ThreadTimeoutException: Method com.TC02_DragAndDropSliders.dragDropTest() didn't finish within the time-out 20
</failure>
    <system-out><![CDATA[94_______________
Range is not matched!
]]></system-out>
  </testcase>
  <testcase name="dragDropTest" classname="com.TC02_DragAndDropSliders" time="3.017">
    <failure message="Method com.TC02_DragAndDropSliders.dragDropTest() didn&apos;t finish within the time-out 20" type="org.testng.internal.thread.ThreadTimeoutException">org.testng.internal.thread.ThreadTimeoutException: Method com.TC02_DragAndDropSliders.dragDropTest() didn't finish within the time-out 20
</failure>
    <system-out><![CDATA[15_______________
Range is not matched!
]]></system-out>
    <system-err><![CDATA[Jan 15, 2025 3:17:23 PM org.openqa.selenium.remote.ProtocolHandshake createSession
INFO: Detected dialect: W3C
Jan 15, 2025 3:17:25 PM org.openqa.selenium.remote.ProtocolHandshake createSession
INFO: Detected dialect: W3C
]]></system-err>
  </testcase>
  <testcase name="basicTest" classname="com.TC01_ValidateMessage" time="4.257">
    <failure message="Method com.TC01_ValidateMessage.basicTest() didn&apos;t finish within the time-out 20" type="org.testng.internal.thread.ThreadTimeoutException">org.testng.internal.thread.ThreadTimeoutException: Method com.TC01_ValidateMessage.basicTest() didn't finish within the time-out 20
</failure>
    <system-out><![CDATA[TestFinished
]]></system-out>
  </testcase>
  <testcase name="basicTest" classname="com.TC01_ValidateMessage" time="7.836">
    <failure message="Method com.TC01_ValidateMessage.basicTest() didn&apos;t finish within the time-out 20" type="org.testng.internal.thread.ThreadTimeoutException">org.testng.internal.thread.ThreadTimeoutException: Method com.TC01_ValidateMessage.basicTest() didn't finish within the time-out 20
</failure>
    <system-out><![CDATA[TestFinished
]]></system-out>
  </testcase>
  <testcase name="basicTest" classname="com.TC01_ValidateMessage" time="7.246">
    <failure message="Method com.TC01_ValidateMessage.basicTest() didn&apos;t finish within the time-out 20" type="org.testng.internal.thread.ThreadTimeoutException">org.testng.internal.thread.ThreadTimeoutException: Method com.TC01_ValidateMessage.basicTest() didn't finish within the time-out 20
</failure>
    <system-out><![CDATA[TestFinished
]]></system-out>
    <system-err><![CDATA[Jan 15, 2025 3:16:34 PM org.openqa.selenium.remote.ProtocolHandshake createSession
INFO: Detected dialect: W3C
Jan 15, 2025 3:16:37 PM org.openqa.selenium.remote.ProtocolHandshake createSession
INFO: Detected dialect: W3C
]]></system-err>
  </testcase>
  <testcase name="basicTest" classname="com.TC01_ValidateMessage" time="3.757">
    <failure message="Method com.TC01_ValidateMessage.basicTest() didn&apos;t finish within the time-out 20" type="org.testng.internal.thread.ThreadTimeoutException">org.testng.internal.thread.ThreadTimeoutException: Method com.TC01_ValidateMessage.basicTest() didn't finish within the time-out 20
</failure>
  </testcase>
  <testcase name="formSubmissionTest" classname="com.TC03_InputFormSubmission" time="4.405">
    <failure message="Method com.TC03_InputFormSubmission.formSubmissionTest() didn&apos;t finish within the time-out 20" type="org.testng.internal.thread.ThreadTimeoutException">org.testng.internal.thread.ThreadTimeoutException: Method com.TC03_InputFormSubmission.formSubmissionTest() didn't finish within the time-out 20
</failure>
    <system-err><![CDATA[Jan 15, 2025 3:14:00 PM org.openqa.selenium.remote.ProtocolHandshake createSession
INFO: Detected dialect: W3C
]]></system-err>
  </testcase>
  <testcase name="formSubmissionTest" classname="com.TC03_InputFormSubmission" time="11.75">
    <failure message="Method com.TC03_InputFormSubmission.formSubmissionTest() didn&apos;t finish within the time-out 20" type="org.testng.internal.thread.ThreadTimeoutException">org.testng.internal.thread.ThreadTimeoutException: Method com.TC03_InputFormSubmission.formSubmissionTest() didn't finish within the time-out 20
</failure>
    <system-err><![CDATA[Jan 15, 2025 3:15:04 PM org.openqa.selenium.remote.ProtocolHandshake createSession
INFO: Detected dialect: W3C
]]></system-err>
  </testcase>
  <testcase name="formSubmissionTest" classname="com.TC03_InputFormSubmission" time="12.894">
    <failure message="Method com.TC03_InputFormSubmission.formSubmissionTest() didn&apos;t finish within the time-out 20" type="org.testng.internal.thread.ThreadTimeoutException">org.testng.internal.thread.ThreadTimeoutException: Method com.TC03_InputFormSubmission.formSubmissionTest() didn't finish within the time-out 20
</failure>
    <system-err><![CDATA[Jan 15, 2025 3:17:00 PM org.openqa.selenium.remote.ProtocolHandshake createSession
INFO: Detected dialect: W3C
]]></system-err>
  </testcase>
  <testcase name="formSubmissionTest" classname="com.TC03_InputFormSubmission" time="2.936">
    <failure message="Method com.TC03_InputFormSubmission.formSubmissionTest() didn&apos;t finish within the time-out 20" type="org.testng.internal.thread.ThreadTimeoutException">org.testng.internal.thread.ThreadTimeoutException: Method com.TC03_InputFormSubmission.formSubmissionTest() didn't finish within the time-out 20
</failure>
    <system-err><![CDATA[Jan 15, 2025 3:17:37 PM org.openqa.selenium.remote.ProtocolHandshake createSession
INFO: Detected dialect: W3C
]]></system-err>
  </testcase>
</testsuite>